<?xml version="1.0" encoding="UTF-8"?>
<!-- Generated by org.testng.reporters.JUnitXMLReporter -->
<testsuite ignored="0" hostname="LNAR-PC073LMQ" failures="1" tests="1" name="Default test" time="11.641" errors="0" timestamp="06 Jul 2019 06:16:36 GMT">
  <testcase classname="com.demo.testRunner.testRun" name="scenario" time="11.32">
    <failure type="java.lang.NullPointerException">
      <![CDATA[java.lang.NullPointerException
at com.demo.stepDefinitions.steps.page_title_should_be(steps.java:40)
at ✽.page title should be "My Store"(file:src/features/login.feature:5)
]]>
    </failure>
  </testcase> <!-- scenario -->
</testsuite> <!-- Default test -->
