<?xml version="1.0" encoding="UTF-8"?>
<testng-results ignored="0" total="1" passed="0" failed="1" skipped="0">
  <reporter-output>
  </reporter-output>
  <suite started-at="2019-07-06T06:16:25Z" name="Default suite" finished-at="2019-07-06T06:16:36Z" duration-ms="11641">
    <groups>
      <group name="Cucumber">
        <method signature="testRun.scenario(io.cucumber.testng.PickleEventWrapper, io.cucumber.testng.CucumberFeatureWrapper)[pri:0, instance:com.demo.testRunner.testRun@27ae2fd0]" name="scenario" class="com.demo.testRunner.testRun"/>
      </group> <!-- Cucumber -->
    </groups>
    <test started-at="2019-07-06T06:16:25Z" name="Default test" finished-at="2019-07-06T06:16:36Z" duration-ms="11641">
      <class name="com.demo.testRunner.testRun">
        <test-method is-config="true" signature="setUpClass()[pri:0, instance:com.demo.testRunner.testRun@27ae2fd0]" started-at="2019-07-06T06:16:25Z" name="setUpClass" finished-at="2019-07-06T06:16:25Z" duration-ms="163" status="PASS">
          <reporter-output>
          </reporter-output>
        </test-method> <!-- setUpClass -->
        <test-method signature="scenario(io.cucumber.testng.PickleEventWrapper, io.cucumber.testng.CucumberFeatureWrapper)[pri:0, instance:com.demo.testRunner.testRun@27ae2fd0]" started-at="2019-07-06T06:16:25Z" name="scenario" description="Runs Cucumber Feature" data-provider="scenarios" finished-at="2019-07-06T06:16:36Z" duration-ms="11320" status="FAIL">
          <params>
            <param index="0">
              <value>
                <![CDATA["Error alert displayed on logging with invalid credentials"]]>
              </value>
            </param>
            <param index="1">
              <value>
                <![CDATA["Login functionality"]]>
              </value>
            </param>
          </params>
          <exception class="java.lang.NullPointerException">
            <full-stacktrace>
              <![CDATA[java.lang.NullPointerException
at com.demo.stepDefinitions.steps.page_title_should_be(steps.java:40)
at ✽.page title should be "My Store"(file:src/features/login.feature:5)
]]>
            </full-stacktrace>
          </exception> <!-- java.lang.NullPointerException -->
          <reporter-output>
          </reporter-output>
        </test-method> <!-- scenario -->
        <test-method is-config="true" signature="tearDownClass()[pri:0, instance:com.demo.testRunner.testRun@27ae2fd0]" started-at="2019-07-06T06:16:36Z" name="tearDownClass" finished-at="2019-07-06T06:16:36Z" duration-ms="64" status="PASS">
          <reporter-output>
          </reporter-output>
        </test-method> <!-- tearDownClass -->
      </class> <!-- com.demo.testRunner.testRun -->
    </test> <!-- Default test -->
  </suite> <!-- Default suite -->
</testng-results>
