<?xml version="1.0" encoding="UTF-8"?>
<!-- Generated by org.testng.reporters.JUnitReportReporter -->
<testsuite hostname="LNAR-PC073LMQ" failures="0" tests="1" name="com.demo.testRunner.testRun" time="11.320" errors="1" timestamp="06 Jul 2019 06:16:37 GMT" skipped="0">
  <testcase classname="com.demo.testRunner.testRun" name="scenario" time="11.320">
    <error type="java.lang.NullPointerException">
      <![CDATA[java.lang.NullPointerException
at com.demo.stepDefinitions.steps.page_title_should_be(steps.java:40)
at ✽.page title should be "My Store"(file:src/features/login.feature:5)
]]>
    </error>
  </testcase> <!-- scenario -->
</testsuite> <!-- com.demo.testRunner.testRun -->
